{
  "stats": {
    "suites": 1,
    "tests": 3,
    "passes": 3,
    "pending": 0,
    "failures": 0,
    "start": "2026-06-20T16:14:37.478Z",
    "end": "2026-06-20T16:14:37.482Z",
    "duration": 4,
    "testsRegistered": 3,
    "passPercent": 100,
    "pendingPercent": 0,
    "other": 0,
    "hasOther": false,
    "skipped": 0,
    "hasSkipped": false
  },
  "results": [
    {
      "uuid": "29d999d6-cd71-4fd9-adb1-0f0f4d78d4d1",
      "title": "",
      "fullFile": "C:\\git\\Projects\\trabalho-conclusao-programacao-part1\\test\\pagamentos.test.js",
      "file": "\\test\\pagamentos.test.js",
      "beforeHooks": [],
      "afterHooks": [],
      "tests": [],
      "suites": [
        {
          "uuid": "ba46ed96-6b29-41d9-ba69-fc496e97fe9a",
          "title": "Classe de Serviço de Pagamento",
          "fullFile": "C:\\git\\Projects\\trabalho-conclusao-programacao-part1\\test\\pagamentos.test.js",
          "file": "\\test\\pagamentos.test.js",
          "beforeHooks": [],
          "afterHooks": [],
          "tests": [
            {
              "title": "Validar que um pagamento acima de 100 recebe categoria cara",
              "fullTitle": "Classe de Serviço de Pagamento Validar que um pagamento acima de 100 recebe categoria cara",
              "timedOut": false,
              "duration": 0,
              "state": "passed",
              "speed": "fast",
              "pass": true,
              "fail": false,
              "pending": false,
              "context": null,
              "code": "// Arrange\nconst servicoDePagamento = new ServicoDePagamento();\n// Act\nservicoDePagamento.pagar(\n    '0987-7656-3475',\n    'Sabesp',\n    180.37\n);\nconst ultimoPagamento = servicoDePagamento.consultarUltimoPagamento();\n// Assert\nassert.equal(ultimoPagamento.codigoBarras, '0987-7656-3475');\nassert.equal(ultimoPagamento.empresa, 'Sabesp');\nassert.equal(ultimoPagamento.valor, 180.37);\nassert.equal(ultimoPagamento.categoria, 'cara');",
              "err": {},
              "uuid": "fe828cc5-3d33-4c92-8285-7b5d7f361c19",
              "parentUUID": "ba46ed96-6b29-41d9-ba69-fc496e97fe9a",
              "isHook": false,
              "skipped": false
            },
            {
              "title": "Validar que um pagamento de menor que 100 recebe categoria padrão",
              "fullTitle": "Classe de Serviço de Pagamento Validar que um pagamento de menor que 100 recebe categoria padrão",
              "timedOut": false,
              "duration": 0,
              "state": "passed",
              "speed": "fast",
              "pass": true,
              "fail": false,
              "pending": false,
              "context": null,
              "code": "// Arrange\nconst servicoDePagamento = new ServicoDePagamento();\n// Act\nservicoDePagamento.pagar(\n    '9874-8634-1212',\n    'Enel',\n    99.00\n);\nconst ultimoPagamento = servicoDePagamento.consultarUltimoPagamento();\n// Assert\nassert.equal(ultimoPagamento.codigoBarras, '9874-8634-1212');\nassert.equal(ultimoPagamento.empresa, 'Enel');\nassert.equal(ultimoPagamento.valor, 99.00);\nassert.equal(ultimoPagamento.categoria, 'padrão');",
              "err": {},
              "uuid": "48a01e4b-9360-48d1-8630-a8ebd593871d",
              "parentUUID": "ba46ed96-6b29-41d9-ba69-fc496e97fe9a",
              "isHook": false,
              "skipped": false
            },
            {
              "title": "Validar que a consulta retorna apenas o último pagamento realizado",
              "fullTitle": "Classe de Serviço de Pagamento Validar que a consulta retorna apenas o último pagamento realizado",
              "timedOut": false,
              "duration": 0,
              "state": "passed",
              "speed": "fast",
              "pass": true,
              "fail": false,
              "pending": false,
              "context": null,
              "code": "// Arrange\nconst servicoDePagamento = new ServicoDePagamento();\n// Act\nservicoDePagamento.pagar(\n    '0987-7656-3475',\n    'Sabesp',\n    180.37\n);\nservicoDePagamento.pagar(\n    '9874-8634-1212',\n    'Enel',\n    99.00\n);\nconst ultimoPagamento = servicoDePagamento.consultarUltimoPagamento();\n// Assert\nassert.equal(ultimoPagamento.codigoBarras, '9874-8634-1212');\nassert.equal(ultimoPagamento.empresa, 'Enel');\nassert.equal(ultimoPagamento.valor, 99.00);\nassert.equal(ultimoPagamento.categoria, 'padrão');",
              "err": {},
              "uuid": "b48d2442-5147-48a7-a96a-67eb90a8aee1",
              "parentUUID": "ba46ed96-6b29-41d9-ba69-fc496e97fe9a",
              "isHook": false,
              "skipped": false
            }
          ],
          "suites": [],
          "passes": [
            "fe828cc5-3d33-4c92-8285-7b5d7f361c19",
            "48a01e4b-9360-48d1-8630-a8ebd593871d",
            "b48d2442-5147-48a7-a96a-67eb90a8aee1"
          ],
          "failures": [],
          "pending": [],
          "skipped": [],
          "duration": 0,
          "root": false,
          "rootEmpty": false,
          "_timeout": 2000
        }
      ],
      "passes": [],
      "failures": [],
      "pending": [],
      "skipped": [],
      "duration": 0,
      "root": true,
      "rootEmpty": true,
      "_timeout": 2000
    }
  ],
  "meta": {
    "mocha": {
      "version": "11.7.6"
    },
    "mochawesome": {
      "options": {
        "quiet": true,
        "reportFilename": "report",
        "saveHtml": true,
        "saveJson": true,
        "consoleReporter": "spec",
        "useInlineDiffs": false,
        "code": true
      },
      "version": "7.1.4"
    },
    "marge": {
      "options": {
        "reportDir": "mochawesome-report",
        "reportFilename": "report",
        "quiet": "true"
      },
      "version": "6.3.2"
    }
  }
}