{
  "stats": {
    "suites": 1,
    "tests": 3,
    "passes": 3,
    "pending": 0,
    "failures": 0,
    "start": "2026-06-20T16:53:37.256Z",
    "end": "2026-06-20T16:53:37.260Z",
    "duration": 4,
    "testsRegistered": 3,
    "passPercent": 100,
    "pendingPercent": 0,
    "other": 0,
    "hasOther": false,
    "skipped": 0,
    "hasSkipped": false
  },
  "results": [
    {
      "uuid": "4edb0f93-6a56-40d3-9594-030635aa58b1",
      "title": "",
      "fullFile": "C:\\git\\Projects\\trabalho-conclusao-programacao-part1\\test\\pagamentos.test.js",
      "file": "\\test\\pagamentos.test.js",
      "beforeHooks": [],
      "afterHooks": [],
      "tests": [],
      "suites": [
        {
          "uuid": "caf81a4c-2d3a-44bb-9fc9-04d221f4ea75",
          "title": "Classe de Serviço de Pagamento",
          "fullFile": "C:\\git\\Projects\\trabalho-conclusao-programacao-part1\\test\\pagamentos.test.js",
          "file": "\\test\\pagamentos.test.js",
          "beforeHooks": [],
          "afterHooks": [],
          "tests": [
            {
              "title": "Validar que um pagamento acima de 100 recebe categoria cara",
              "fullTitle": "Classe de Serviço de Pagamento Validar que um pagamento acima de 100 recebe categoria cara",
              "timedOut": false,
              "duration": 0,
              "state": "passed",
              "speed": "fast",
              "pass": true,
              "fail": false,
              "pending": false,
              "context": null,
              "code": "// Arrange\nconst servicoDePagamento = new ServicoDePagamento();\n// Act\nservicoDePagamento.pagar(\n    '0987-7656-3475',\n    'Sabesp',\n    180.37\n);\nconst ultimoPagamento = servicoDePagamento.consultarUltimoPagamento();\n// Assert\nassert.equal(ultimoPagamento.codigoBarras, '0987-7656-3475');\nassert.equal(ultimoPagamento.empresa, 'Sabesp');\nassert.equal(ultimoPagamento.valor, 180.37);\nassert.equal(ultimoPagamento.categoria, 'cara');",
              "err": {},
              "uuid": "165f1a0e-1c54-4aeb-9d91-6b985ac7a615",
              "parentUUID": "caf81a4c-2d3a-44bb-9fc9-04d221f4ea75",
              "isHook": false,
              "skipped": false
            },
            {
              "title": "Validar que um pagamento de menor que 100 recebe categoria padrão",
              "fullTitle": "Classe de Serviço de Pagamento Validar que um pagamento de menor que 100 recebe categoria padrão",
              "timedOut": false,
              "duration": 0,
              "state": "passed",
              "speed": "fast",
              "pass": true,
              "fail": false,
              "pending": false,
              "context": null,
              "code": "// Arrange\nconst servicoDePagamento = new ServicoDePagamento();\n// Act\nservicoDePagamento.pagar(\n    '9874-8634-1212',\n    'Enel',\n    99.00\n);\nconst ultimoPagamento = servicoDePagamento.consultarUltimoPagamento();\n// Assert\nassert.equal(ultimoPagamento.codigoBarras, '9874-8634-1212');\nassert.equal(ultimoPagamento.empresa, 'Enel');\nassert.equal(ultimoPagamento.valor, 99.00);\nassert.equal(ultimoPagamento.categoria, 'padrão');",
              "err": {},
              "uuid": "ded61d15-a6da-4e41-9eef-fbe6140fc09a",
              "parentUUID": "caf81a4c-2d3a-44bb-9fc9-04d221f4ea75",
              "isHook": false,
              "skipped": false
            },
            {
              "title": "Validar que a consulta retorna apenas o último pagamento realizado",
              "fullTitle": "Classe de Serviço de Pagamento Validar que a consulta retorna apenas o último pagamento realizado",
              "timedOut": false,
              "duration": 0,
              "state": "passed",
              "speed": "fast",
              "pass": true,
              "fail": false,
              "pending": false,
              "context": null,
              "code": "// Arrange\nconst servicoDePagamento = new ServicoDePagamento();\n// Act\nservicoDePagamento.pagar(\n    '0987-7656-3475',\n    'Sabesp',\n    180.37\n);\nservicoDePagamento.pagar(\n    '9874-8634-1212',\n    'Enel',\n    99.00\n);\nconst ultimoPagamento = servicoDePagamento.consultarUltimoPagamento();\n// Assert\nassert.equal(ultimoPagamento.codigoBarras, '9874-8634-1212');\nassert.equal(ultimoPagamento.empresa, 'Enel');\nassert.equal(ultimoPagamento.valor, 99.00);\nassert.equal(ultimoPagamento.categoria, 'padrão');",
              "err": {},
              "uuid": "f9d0fecd-03cf-452d-8252-70baaf639e40",
              "parentUUID": "caf81a4c-2d3a-44bb-9fc9-04d221f4ea75",
              "isHook": false,
              "skipped": false
            }
          ],
          "suites": [],
          "passes": [
            "165f1a0e-1c54-4aeb-9d91-6b985ac7a615",
            "ded61d15-a6da-4e41-9eef-fbe6140fc09a",
            "f9d0fecd-03cf-452d-8252-70baaf639e40"
          ],
          "failures": [],
          "pending": [],
          "skipped": [],
          "duration": 0,
          "root": false,
          "rootEmpty": false,
          "_timeout": 2000
        }
      ],
      "passes": [],
      "failures": [],
      "pending": [],
      "skipped": [],
      "duration": 0,
      "root": true,
      "rootEmpty": true,
      "_timeout": 2000
    }
  ],
  "meta": {
    "mocha": {
      "version": "11.7.6"
    },
    "mochawesome": {
      "options": {
        "quiet": true,
        "reportFilename": "report",
        "saveHtml": true,
        "saveJson": true,
        "consoleReporter": "spec",
        "useInlineDiffs": false,
        "code": true
      },
      "version": "7.1.4"
    },
    "marge": {
      "options": {
        "reportDir": "mochawesome-report",
        "reportFilename": "report",
        "quiet": "true"
      },
      "version": "6.3.2"
    }
  }
}